TN:
SF:C:/Users/lfsouza3/TypeScriptUnitTest/client/src/polyfills.ts
FNF:0
FNH:0
DA:41,1
DA:42,1
DA:56,1
LF:3
LH:3
BRF:0
BRH:0
end_of_record
TN:
SF:C:/Users/lfsouza3/TypeScriptUnitTest/client/src/test.ts
FN:20,(anonymous_0)
FNF:1
FNH:0
FNDA:0,(anonymous_0)
DA:3,1
DA:4,1
DA:5,1
DA:6,1
DA:7,1
DA:8,1
DA:9,1
DA:10,1
DA:20,1
DA:23,1
DA:28,1
DA:30,1
DA:32,1
LF:13
LH:13
BRF:0
BRH:0
end_of_record
TN:
SF:C:/Users/lfsouza3/TypeScriptUnitTest/client/src/app/calculator.model.ts
FN:1,(anonymous_0)
FN:5,Calculator
FN:10,(anonymous_2)
FN:14,(anonymous_3)
FN:18,(anonymous_4)
FNF:5
FNH:5
FNDA:1,(anonymous_0)
FNDA:3,Calculator
FNDA:1,(anonymous_2)
FNDA:1,(anonymous_3)
FNDA:1,(anonymous_4)
DA:1,1
DA:6,3
DA:7,3
DA:10,1
DA:11,1
DA:14,1
DA:15,1
DA:18,1
DA:19,1
DA:21,1
LF:10
LH:10
BRF:0
BRH:0
end_of_record
